<html>
<head>
<title>TestNG:  Validate Errors on Login Page</title>
<link href="../testng.css" rel="stylesheet" type="text/css" />
<link href="../my-testng.css" rel="stylesheet" type="text/css" />

<style type="text/css">
.log { display: none;} 
.stack-trace { display: none;} 
</style>
<script type="text/javascript">
<!--
function flip(e) {
  current = e.style.display;
  if (current == 'block') {
    e.style.display = 'none';
    return 0;
  }
  else {
    e.style.display = 'block';
    return 1;
  }
}

function toggleBox(szDivId, elem, msg1, msg2)
{
  var res = -1;  if (document.getElementById) {
    res = flip(document.getElementById(szDivId));
  }
  else if (document.all) {
    // this is the way old msie versions work
    res = flip(document.all[szDivId]);
  }
  if(elem) {
    if(res == 0) elem.innerHTML = msg1; else elem.innerHTML = msg2;
  }

}

function toggleAllBoxes() {
  if (document.getElementsByTagName) {
    d = document.getElementsByTagName('div');
    for (i = 0; i < d.length; i++) {
      if (d[i].className == 'log') {
        flip(d[i]);
      }
    }
  }
}

// -->
</script>

</head>
<body>
<h2 align='center'>Validate Errors on Login Page</h2><table border='1' align="center">
<tr>
<td>Tests passed/Failed/Skipped:</td><td>0/4/0</td>
</tr><tr>
<td>Started on:</td><td>Tue Jul 17 12:29:59 EDT 2018</td>
</tr>
<tr><td>Total time:</td><td>45 seconds (45818 ms)</td>
</tr><tr>
<td>Included groups:</td><td></td>
</tr><tr>
<td>Excluded groups:</td><td></td>
</tr>
</table><p/>
<small><i>(Hover the method name to see the test class name)</i></small><p/>
<table width='100%' border='1' class='invocation-failed'>
<tr><td colspan='4' align='center'><b>FAILED CONFIGURATIONS</b></td></tr>
<tr><td><b>Test method</b></td>
<td width="30%"><b>Exception</b></td>
<td width="10%"><b>Time (seconds)</b></td>
<td><b>Instance</b></td>
</tr>
<tr>
<td title='testCases.ValidateErrorLoginTypes.afterClass()'><b>afterClass</b><br>Test class: testCases.ValidateErrorLoginTypes<br/>
<a href="#Output-264516781" onClick='toggleBox("Output-264516781", this, "Show output", "Hide output");'>Show output</a>

<a href="#Output-264516781" onClick="toggleAllBoxes();">Show all outputs</a>
<div class='log' id="Output-264516781">
<br><br/>
<b>Class: <u>utilities.AutomationHelper</u></b><br/>
<br><br/>
Method: finishTest<br/>
<br/>
</div>
</td>
<td><div><pre>java.lang.AssertionError: The following asserts failed:
	Validating Login Page Title expected [Log in] but found [Log in.],
	Validating password error expected [Invalid login attempt.] but found []
	at utilities.AutomationHelper.finishTest(AutomationHelper.java:494)
	at testCases.BaseTestScriptConfig.afterClass(BaseTestScriptConfig.java:24)
	at java.util.concurrent.ThreadPoolExecutor.runWorker(Unknown Source)
	at java.util.concurrent.ThreadPoolExecutor$Worker.run(Unknown Source)
	at java.lang.Thread.run(Unknown Source)
... Removed 12 stack frames</pre></div><a href='#' onClick='toggleBox("stack-trace264516781", this, "Click to show all stack frames", "Click to hide stack frames")'>Click to show all stack frames</a>
<div class='stack-trace' id='stack-trace264516781'><pre>java.lang.AssertionError: The following asserts failed:
	Validating Login Page Title expected [Log in] but found [Log in.],
	Validating password error expected [Invalid login attempt.] but found []
	at org.testng.asserts.SoftAssert.assertAll(SoftAssert.java:43)
	at utilities.AutomationHelper.finishTest(AutomationHelper.java:494)
	at testCases.BaseTestScriptConfig.afterClass(BaseTestScriptConfig.java:24)
	at sun.reflect.NativeMethodAccessorImpl.invoke0(Native Method)
	at sun.reflect.NativeMethodAccessorImpl.invoke(Unknown Source)
	at sun.reflect.DelegatingMethodAccessorImpl.invoke(Unknown Source)
	at java.lang.reflect.Method.invoke(Unknown Source)
	at org.testng.internal.MethodInvocationHelper.invokeMethod(MethodInvocationHelper.java:124)
	at org.testng.internal.MethodInvocationHelper.invokeMethodConsideringTimeout(MethodInvocationHelper.java:59)
	at org.testng.internal.Invoker.invokeConfigurationMethod(Invoker.java:455)
	at org.testng.internal.Invoker.invokeConfigurations(Invoker.java:222)
	at org.testng.internal.Invoker.invokeConfigurations(Invoker.java:142)
	at org.testng.internal.TestMethodWorker.invokeAfterClassMethods(TestMethodWorker.java:214)
	at org.testng.internal.TestMethodWorker.run(TestMethodWorker.java:111)
	at java.util.concurrent.ThreadPoolExecutor.runWorker(Unknown Source)
	at java.util.concurrent.ThreadPoolExecutor$Worker.run(Unknown Source)
	at java.lang.Thread.run(Unknown Source)
</pre></div></td>
<td>0</td>
<td>testCases.ValidateErrorLoginTypes@4493d195</td></tr>
</table><p>
<table width='100%' border='1' class='invocation-failed'>
<tr><td colspan='4' align='center'><b>FAILED TESTS</b></td></tr>
<tr><td><b>Test method</b></td>
<td width="30%"><b>Exception</b></td>
<td width="10%"><b>Time (seconds)</b></td>
<td><b>Instance</b></td>
</tr>
<tr>
<td title='testCases.ValidateErrorLoginTypes.execute()'><b>execute</b><br>Test class: testCases.ValidateErrorLoginTypes<br>Parameters: <br/>
<a href="#Output-34346929" onClick='toggleBox("Output-34346929", this, "Show output", "Hide output");'>Show output</a>

<a href="#Output-34346929" onClick="toggleAllBoxes();">Show all outputs</a>
<div class='log' id="Output-34346929">
<br><br/>
<b>Class: <u>modularScripts.LoginMod</u></b><br/>
<br><br/>
Method: execute<br/>
<br/>
Method: readPageTitle<br/>
<br/>
<b style='color:red;'>Validation:</b> Validating Login Page Title<br/>
<br><br/>
<b style='color:red;'>Expected:</b> Log in<br/>
<br><br/>
<b style='color:red;'>Actual:</b> Log in.<br/>
<br><br/>
Method: setEmail<br/>
<br/>
Method: setPassword<br/>
<br/>
Method: clickLogin<br/>
<br/>
Method: readEmailError<br/>
<br/>
Method: readPasswordError<br/>
<br/>
Method: readSummaryErrors<br/>
<br/>
<b style='color:green;'>Validation:</b> Validating email error<br/>
<br><br/>
<b style='color:green;'>Matches:</b> The Email field is required.<br/>
<br><br/>
</div>
</td>
<td><div><pre>java.lang.AssertionError: The following asserts failed:
	Validating Login Page Title expected [Log in] but found [Log in.]
	at testCases.ValidateErrorLoginTypes.execute(ValidateErrorLoginTypes.java:47)
	at java.util.concurrent.ThreadPoolExecutor.runWorker(Unknown Source)
	at java.util.concurrent.ThreadPoolExecutor$Worker.run(Unknown Source)
	at java.lang.Thread.run(Unknown Source)
... Removed 11 stack frames</pre></div><a href='#' onClick='toggleBox("stack-trace34346929", this, "Click to show all stack frames", "Click to hide stack frames")'>Click to show all stack frames</a>
<div class='stack-trace' id='stack-trace34346929'><pre>java.lang.AssertionError: The following asserts failed:
	Validating Login Page Title expected [Log in] but found [Log in.]
	at org.testng.asserts.SoftAssert.assertAll(SoftAssert.java:43)
	at testCases.ValidateErrorLoginTypes.execute(ValidateErrorLoginTypes.java:47)
	at sun.reflect.NativeMethodAccessorImpl.invoke0(Native Method)
	at sun.reflect.NativeMethodAccessorImpl.invoke(Unknown Source)
	at sun.reflect.DelegatingMethodAccessorImpl.invoke(Unknown Source)
	at java.lang.reflect.Method.invoke(Unknown Source)
	at org.testng.internal.MethodInvocationHelper.invokeMethod(MethodInvocationHelper.java:124)
	at org.testng.internal.Invoker.invokeMethod(Invoker.java:580)
	at org.testng.internal.Invoker.invokeTestMethod(Invoker.java:716)
	at org.testng.internal.Invoker.invokeTestMethods(Invoker.java:988)
	at org.testng.internal.TestMethodWorker.invokeTestMethods(TestMethodWorker.java:125)
	at org.testng.internal.TestMethodWorker.run(TestMethodWorker.java:109)
	at java.util.concurrent.ThreadPoolExecutor.runWorker(Unknown Source)
	at java.util.concurrent.ThreadPoolExecutor$Worker.run(Unknown Source)
	at java.lang.Thread.run(Unknown Source)
</pre></div></td>
<td>7</td>
<td>testCases.ValidateErrorLoginTypes@4493d195</td></tr>
<tr>
<td title='testCases.ValidateErrorLoginTypes.execute()'><b>execute</b><br>Test class: testCases.ValidateErrorLoginTypes<br>Parameters: test1<br/>
<a href="#Output-836821309" onClick='toggleBox("Output-836821309", this, "Show output", "Hide output");'>Show output</a>

<a href="#Output-836821309" onClick="toggleAllBoxes();">Show all outputs</a>
<div class='log' id="Output-836821309">
<br><br/>
<b>Class: <u>modularScripts.LoginMod</u></b><br/>
<br><br/>
Method: execute<br/>
<br/>
Method: readPageTitle<br/>
<br/>
<b style='color:red;'>Validation:</b> Validating Login Page Title<br/>
<br><br/>
<b style='color:red;'>Expected:</b> Log in<br/>
<br><br/>
<b style='color:red;'>Actual:</b> Log in.<br/>
<br><br/>
Method: setEmail<br/>
<br/>
Method: setPassword<br/>
<br/>
Method: clickLogin<br/>
<br/>
Method: readEmailError<br/>
<br/>
Method: readPasswordError<br/>
<br/>
Method: readSummaryErrors<br/>
<br/>
<b style='color:green;'>Validation:</b> Validating email error<br/>
<br><br/>
<b style='color:green;'>Matches:</b> The Email field is not a valid e-mail address.<br/>
<br><br/>
</div>
</td>
<td><div><pre>java.lang.AssertionError: The following asserts failed:
	Validating Login Page Title expected [Log in] but found [Log in.]
	at testCases.ValidateErrorLoginTypes.execute(ValidateErrorLoginTypes.java:47)
	at java.util.concurrent.ThreadPoolExecutor.runWorker(Unknown Source)
	at java.util.concurrent.ThreadPoolExecutor$Worker.run(Unknown Source)
	at java.lang.Thread.run(Unknown Source)
... Removed 11 stack frames</pre></div><a href='#' onClick='toggleBox("stack-trace836821309", this, "Click to show all stack frames", "Click to hide stack frames")'>Click to show all stack frames</a>
<div class='stack-trace' id='stack-trace836821309'><pre>java.lang.AssertionError: The following asserts failed:
	Validating Login Page Title expected [Log in] but found [Log in.]
	at org.testng.asserts.SoftAssert.assertAll(SoftAssert.java:43)
	at testCases.ValidateErrorLoginTypes.execute(ValidateErrorLoginTypes.java:47)
	at sun.reflect.NativeMethodAccessorImpl.invoke0(Native Method)
	at sun.reflect.NativeMethodAccessorImpl.invoke(Unknown Source)
	at sun.reflect.DelegatingMethodAccessorImpl.invoke(Unknown Source)
	at java.lang.reflect.Method.invoke(Unknown Source)
	at org.testng.internal.MethodInvocationHelper.invokeMethod(MethodInvocationHelper.java:124)
	at org.testng.internal.Invoker.invokeMethod(Invoker.java:580)
	at org.testng.internal.Invoker.invokeTestMethod(Invoker.java:716)
	at org.testng.internal.Invoker.invokeTestMethods(Invoker.java:988)
	at org.testng.internal.TestMethodWorker.invokeTestMethods(TestMethodWorker.java:125)
	at org.testng.internal.TestMethodWorker.run(TestMethodWorker.java:109)
	at java.util.concurrent.ThreadPoolExecutor.runWorker(Unknown Source)
	at java.util.concurrent.ThreadPoolExecutor$Worker.run(Unknown Source)
	at java.lang.Thread.run(Unknown Source)
</pre></div></td>
<td>15</td>
<td>testCases.ValidateErrorLoginTypes@4493d195</td></tr>
<tr>
<td title='testCases.ValidateErrorLoginTypes.execute()'><b>execute</b><br>Test class: testCases.ValidateErrorLoginTypes<br>Parameters: testNoPass@mail.mil<br/>
<a href="#Output-430490053" onClick='toggleBox("Output-430490053", this, "Show output", "Hide output");'>Show output</a>

<a href="#Output-430490053" onClick="toggleAllBoxes();">Show all outputs</a>
<div class='log' id="Output-430490053">
<br><br/>
<b>Class: <u>modularScripts.LoginMod</u></b><br/>
<br><br/>
Method: execute<br/>
<br/>
Method: readPageTitle<br/>
<br/>
<b style='color:red;'>Validation:</b> Validating Login Page Title<br/>
<br><br/>
<b style='color:red;'>Expected:</b> Log in<br/>
<br><br/>
<b style='color:red;'>Actual:</b> Log in.<br/>
<br><br/>
Method: setEmail<br/>
<br/>
Method: setPassword<br/>
<br/>
Method: clickLogin<br/>
<br/>
Method: readEmailError<br/>
<br/>
Method: readPasswordError<br/>
<br/>
Method: readSummaryErrors<br/>
<br/>
<b style='color:green;'>Validation:</b> Validating password error<br/>
<br><br/>
<b style='color:green;'>Matches:</b> The Password field is required.<br/>
<br><br/>
</div>
</td>
<td><div><pre>java.lang.AssertionError: The following asserts failed:
	Validating Login Page Title expected [Log in] but found [Log in.]
	at testCases.ValidateErrorLoginTypes.execute(ValidateErrorLoginTypes.java:47)
	at java.util.concurrent.ThreadPoolExecutor.runWorker(Unknown Source)
	at java.util.concurrent.ThreadPoolExecutor$Worker.run(Unknown Source)
	at java.lang.Thread.run(Unknown Source)
... Removed 11 stack frames</pre></div><a href='#' onClick='toggleBox("stack-trace430490053", this, "Click to show all stack frames", "Click to hide stack frames")'>Click to show all stack frames</a>
<div class='stack-trace' id='stack-trace430490053'><pre>java.lang.AssertionError: The following asserts failed:
	Validating Login Page Title expected [Log in] but found [Log in.]
	at org.testng.asserts.SoftAssert.assertAll(SoftAssert.java:43)
	at testCases.ValidateErrorLoginTypes.execute(ValidateErrorLoginTypes.java:47)
	at sun.reflect.NativeMethodAccessorImpl.invoke0(Native Method)
	at sun.reflect.NativeMethodAccessorImpl.invoke(Unknown Source)
	at sun.reflect.DelegatingMethodAccessorImpl.invoke(Unknown Source)
	at java.lang.reflect.Method.invoke(Unknown Source)
	at org.testng.internal.MethodInvocationHelper.invokeMethod(MethodInvocationHelper.java:124)
	at org.testng.internal.Invoker.invokeMethod(Invoker.java:580)
	at org.testng.internal.Invoker.invokeTestMethod(Invoker.java:716)
	at org.testng.internal.Invoker.invokeTestMethods(Invoker.java:988)
	at org.testng.internal.TestMethodWorker.invokeTestMethods(TestMethodWorker.java:125)
	at org.testng.internal.TestMethodWorker.run(TestMethodWorker.java:109)
	at java.util.concurrent.ThreadPoolExecutor.runWorker(Unknown Source)
	at java.util.concurrent.ThreadPoolExecutor$Worker.run(Unknown Source)
	at java.lang.Thread.run(Unknown Source)
</pre></div></td>
<td>6</td>
<td>testCases.ValidateErrorLoginTypes@4493d195</td></tr>
<tr>
<td title='testCases.ValidateErrorLoginTypes.execute()'><b>execute</b><br>Test class: testCases.ValidateErrorLoginTypes<br>Parameters: test@mail.mil<br/>
<a href="#Output-1434705607" onClick='toggleBox("Output-1434705607", this, "Show output", "Hide output");'>Show output</a>

<a href="#Output-1434705607" onClick="toggleAllBoxes();">Show all outputs</a>
<div class='log' id="Output-1434705607">
<br><br/>
<b>Class: <u>modularScripts.LoginMod</u></b><br/>
<br><br/>
Method: execute<br/>
<br/>
Method: readPageTitle<br/>
<br/>
<b style='color:red;'>Validation:</b> Validating Login Page Title<br/>
<br><br/>
<b style='color:red;'>Expected:</b> Log in<br/>
<br><br/>
<b style='color:red;'>Actual:</b> Log in.<br/>
<br><br/>
Method: setEmail<br/>
<br/>
Method: setPassword<br/>
<br/>
Method: clickLogin<br/>
<br/>
Method: readEmailError<br/>
<br/>
Method: readPasswordError<br/>
<br/>
Method: readSummaryErrors<br/>
<br/>
<b style='color:red;'>Validation:</b> Validating password error<br/>
<br><br/>
<b style='color:red;'>Expected:</b> Invalid login attempt.<br/>
<br><br/>
<b style='color:red;'>Actual:</b> <br/>
<br><br/>
</div>
</td>
<td><div><pre>java.lang.AssertionError: The following asserts failed:
	Validating Login Page Title expected [Log in] but found [Log in.],
	Validating password error expected [Invalid login attempt.] but found []
	at testCases.ValidateErrorLoginTypes.execute(ValidateErrorLoginTypes.java:47)
	at java.util.concurrent.ThreadPoolExecutor.runWorker(Unknown Source)
	at java.util.concurrent.ThreadPoolExecutor$Worker.run(Unknown Source)
	at java.lang.Thread.run(Unknown Source)
... Removed 11 stack frames</pre></div><a href='#' onClick='toggleBox("stack-trace1434705607", this, "Click to show all stack frames", "Click to hide stack frames")'>Click to show all stack frames</a>
<div class='stack-trace' id='stack-trace1434705607'><pre>java.lang.AssertionError: The following asserts failed:
	Validating Login Page Title expected [Log in] but found [Log in.],
	Validating password error expected [Invalid login attempt.] but found []
	at org.testng.asserts.SoftAssert.assertAll(SoftAssert.java:43)
	at testCases.ValidateErrorLoginTypes.execute(ValidateErrorLoginTypes.java:47)
	at sun.reflect.NativeMethodAccessorImpl.invoke0(Native Method)
	at sun.reflect.NativeMethodAccessorImpl.invoke(Unknown Source)
	at sun.reflect.DelegatingMethodAccessorImpl.invoke(Unknown Source)
	at java.lang.reflect.Method.invoke(Unknown Source)
	at org.testng.internal.MethodInvocationHelper.invokeMethod(MethodInvocationHelper.java:124)
	at org.testng.internal.Invoker.invokeMethod(Invoker.java:580)
	at org.testng.internal.Invoker.invokeTestMethod(Invoker.java:716)
	at org.testng.internal.Invoker.invokeTestMethods(Invoker.java:988)
	at org.testng.internal.TestMethodWorker.invokeTestMethods(TestMethodWorker.java:125)
	at org.testng.internal.TestMethodWorker.run(TestMethodWorker.java:109)
	at java.util.concurrent.ThreadPoolExecutor.runWorker(Unknown Source)
	at java.util.concurrent.ThreadPoolExecutor$Worker.run(Unknown Source)
	at java.lang.Thread.run(Unknown Source)
</pre></div></td>
<td>4</td>
<td>testCases.ValidateErrorLoginTypes@4493d195</td></tr>
</table><p>
</body>
</html>