<?xml version="1.0" encoding="UTF-8"?>
<testsuite name="Admin - Locked Accounts - Lock and Unlock"
           tests="1"
           failures="1"
           errors="0"
           skipped="0"
           time="54.442">
  <properties />
            <testcase name="execute" time="54.442" classname="testCases.Admin.LockedAccountsLockAndUnlock">
                <failure type="org.openqa.selenium.NoSuchElementException"
                  message="Cannot locate element with text: Locked Account - User (lockedAccount@mail.mil)
For documentation on this error, please visit: https://www.seleniumhq.org/exceptions/no_such_element.html
Build info: version: &apos;3.141.59&apos;, revision: &apos;e82be7d358&apos;, time: &apos;2018-11-14T08:17:03&apos;
System info: host: &apos;TATRC-17323&apos;, ip: &apos;172.22.2.97&apos;, os.name: &apos;Windows 10&apos;, os.arch: &apos;amd64&apos;, os.version: &apos;10.0&apos;, java.version: &apos;1.8.0_144&apos;
Driver info: driver.version: unknown"
              >
<![CDATA[org.openqa.selenium.NoSuchElementException: Cannot locate element with text: Locked Account - User (lockedAccount@mail.mil)
For documentation on this error, please visit: https://www.seleniumhq.org/exceptions/no_such_element.html
Build info: version: '3.141.59', revision: 'e82be7d358', time: '2018-11-14T08:17:03'
System info: host: 'TATRC-17323', ip: '172.22.2.97', os.name: 'Windows 10', os.arch: 'amd64', os.version: '10.0', java.version: '1.8.0_144'
Driver info: driver.version: unknown
  org.openqa.selenium.support.ui.Select.selectByVisibleText(Select.java:147)
  utilities.AutomationHelper.selectSubItemInElement(AutomationHelper.java:449)
  utilities.AutomationHelper.selectDropdownItem(AutomationHelper.java:434)
  pageFactories.Admin.LockedAccountsPages.LockAccountPageFactory.selectUser(LockAccountPageFactory.java:47)
  testCases.Admin.LockedAccountsLockAndUnlock.execute(LockedAccountsLockAndUnlock.java:58)
  sun.reflect.NativeMethodAccessorImpl.invoke0(Native Method)
  sun.reflect.NativeMethodAccessorImpl.invoke(Unknown Source)
  sun.reflect.DelegatingMethodAccessorImpl.invoke(Unknown Source)
  java.lang.reflect.Method.invoke(Unknown Source)
  org.testng.internal.MethodInvocationHelper.invokeMethod(MethodInvocationHelper.java:108)
  org.testng.internal.Invoker.invokeMethod(Invoker.java:661)
  org.testng.internal.Invoker.invokeTestMethod(Invoker.java:869)
  org.testng.internal.Invoker.invokeTestMethods(Invoker.java:1193)
  org.testng.internal.TestMethodWorker.invokeTestMethods(TestMethodWorker.java:126)
  org.testng.internal.TestMethodWorker.run(TestMethodWorker.java:109)
  java.util.concurrent.ThreadPoolExecutor.runWorker(Unknown Source)
  java.util.concurrent.ThreadPoolExecutor$Worker.run(Unknown Source)
  java.lang.Thread.run(Unknown Source)
]]>
      </failure>

          </testcase>
  
  
  
</testsuite>
